2025-09-18 16:03:45,997 - INFO - {"timestamp": 1758191625.9970808, "event_type": "FRAUD_ANALYSIS", "user_id": "test_user", "details": {"transaction": {"amount": 1000, "timestamp": 1758191625.7157273, "device_id": "trusted_device"}, "combined_score": 0.15, "risk_level": "LOW", "is_fraud": false}}
2025-09-18 16:03:46,064 - INFO - {"timestamp": 1758191626.064549, "event_type": "FRAUD_ANALYSIS", "user_id": "test_user", "details": {"transaction": {"amount": 100000, "timestamp": 1758191625.9970808, "device_id": "unknown_device"}, "combined_score": 0.32999999999999996, "risk_level": "LOW", "is_fraud": false}}
2025-09-18 16:03:46,604 - INFO - {"timestamp": 1758191626.6046212, "event_type": "FRAUD_ANALYSIS", "user_id": "user_0", "details": {"transaction": {"amount": 1000, "timestamp": 1758191626.4481416, "device_id": "device_0"}, "combined_score": 0.15, "risk_level": "LOW", "is_fraud": false}}
2025-09-18 16:03:46,679 - INFO - {"timestamp": 1758191626.6798453, "event_type": "FRAUD_ANALYSIS", "user_id": "user_1", "details": {"transaction": {"amount": 1001, "timestamp": 1758191626.6046212, "device_id": "device_1"}, "combined_score": 0.15, "risk_level": "LOW", "is_fraud": false}}
2025-09-18 16:03:46,757 - INFO - {"timestamp": 1758191626.7576215, "event_type": "FRAUD_ANALYSIS", "user_id": "user_2", "details": {"transaction": {"amount": 1002, "timestamp": 1758191626.6798453, "device_id": "device_2"}, "combined_score": 0.15, "risk_level": "LOW", "is_fraud": false}}
2025-09-18 16:03:46,820 - INFO - {"timestamp": 1758191626.820994, "event_type": "FRAUD_ANALYSIS", "user_id": "user_3", "details": {"transaction": {"amount": 1003, "timestamp": 1758191626.7576215, "device_id": "device_3"}, "combined_score": 0.15, "risk_level": "LOW", "is_fraud": false}}
2025-09-18 16:03:46,895 - INFO - {"timestamp": 1758191626.8959079, "event_type": "FRAUD_ANALYSIS", "user_id": "user_4", "details": {"transaction": {"amount": 1004, "timestamp": 1758191626.820994, "device_id": "device_4"}, "combined_score": 0.15, "risk_level": "LOW", "is_fraud": false}}
2025-09-18 16:03:46,963 - INFO - {"timestamp": 1758191626.96308, "event_type": "FRAUD_ANALYSIS", "user_id": "user_5", "details": {"transaction": {"amount": 1005, "timestamp": 1758191626.8959079, "device_id": "device_5"}, "combined_score": 0.15, "risk_level": "LOW", "is_fraud": false}}
2025-09-18 16:03:47,028 - INFO - {"timestamp": 1758191627.0285017, "event_type": "FRAUD_ANALYSIS", "user_id": "user_6", "details": {"transaction": {"amount": 1006, "timestamp": 1758191626.96308, "device_id": "device_6"}, "combined_score": 0.15, "risk_level": "LOW", "is_fraud": false}}
2025-09-18 16:03:47,086 - INFO - {"timestamp": 1758191627.086898, "event_type": "FRAUD_ANALYSIS", "user_id": "user_7", "details": {"transaction": {"amount": 1007, "timestamp": 1758191627.0285017, "device_id": "device_7"}, "combined_score": 0.15, "risk_level": "LOW", "is_fraud": false}}
2025-09-18 16:03:47,153 - INFO - {"timestamp": 1758191627.1531475, "event_type": "FRAUD_ANALYSIS", "user_id": "user_8", "details": {"transaction": {"amount": 1008, "timestamp": 1758191627.086898, "device_id": "device_8"}, "combined_score": 0.15, "risk_level": "LOW", "is_fraud": false}}
2025-09-18 16:03:47,236 - INFO - {"timestamp": 1758191627.2364032, "event_type": "FRAUD_ANALYSIS", "user_id": "user_9", "details": {"transaction": {"amount": 1009, "timestamp": 1758191627.1531475, "device_id": "device_9"}, "combined_score": 0.15, "risk_level": "LOW", "is_fraud": false}}
2025-09-18 16:03:47,311 - INFO - {"timestamp": 1758191627.3111472, "event_type": "FRAUD_ANALYSIS", "user_id": "user_10", "details": {"transaction": {"amount": 1010, "timestamp": 1758191627.2364032, "device_id": "device_0"}, "combined_score": 0.15, "risk_level": "LOW", "is_fraud": false}}
2025-09-18 16:03:47,404 - INFO - {"timestamp": 1758191627.404581, "event_type": "FRAUD_ANALYSIS", "user_id": "user_11", "details": {"transaction": {"amount": 1011, "timestamp": 1758191627.3111472, "device_id": "device_1"}, "combined_score": 0.15, "risk_level": "LOW", "is_fraud": false}}
2025-09-18 16:03:47,469 - INFO - {"timestamp": 1758191627.469266, "event_type": "FRAUD_ANALYSIS", "user_id": "user_12", "details": {"transaction": {"amount": 1012, "timestamp": 1758191627.404581, "device_id": "device_2"}, "combined_score": 0.15, "risk_level": "LOW", "is_fraud": false}}
2025-09-18 16:03:47,544 - INFO - {"timestamp": 1758191627.5440338, "event_type": "FRAUD_ANALYSIS", "user_id": "user_13", "details": {"transaction": {"amount": 1013, "timestamp": 1758191627.469266, "device_id": "device_3"}, "combined_score": 0.15, "risk_level": "LOW", "is_fraud": false}}
2025-09-18 16:03:47,618 - INFO - {"timestamp": 1758191627.6188548, "event_type": "FRAUD_ANALYSIS", "user_id": "user_14", "details": {"transaction": {"amount": 1014, "timestamp": 1758191627.5500343, "device_id": "device_4"}, "combined_score": 0.15, "risk_level": "LOW", "is_fraud": false}}
2025-09-18 16:03:47,693 - INFO - {"timestamp": 1758191627.6936214, "event_type": "FRAUD_ANALYSIS", "user_id": "user_15", "details": {"transaction": {"amount": 1015, "timestamp": 1758191627.6188548, "device_id": "device_5"}, "combined_score": 0.15, "risk_level": "LOW", "is_fraud": false}}
2025-09-18 16:03:47,760 - INFO - {"timestamp": 1758191627.760142, "event_type": "FRAUD_ANALYSIS", "user_id": "user_16", "details": {"transaction": {"amount": 1016, "timestamp": 1758191627.6936214, "device_id": "device_6"}, "combined_score": 0.15, "risk_level": "LOW", "is_fraud": false}}
2025-09-18 16:03:47,819 - INFO - {"timestamp": 1758191627.8191054, "event_type": "FRAUD_ANALYSIS", "user_id": "user_17", "details": {"transaction": {"amount": 1017, "timestamp": 1758191627.760142, "device_id": "device_7"}, "combined_score": 0.15, "risk_level": "LOW", "is_fraud": false}}
2025-09-18 16:03:47,884 - INFO - {"timestamp": 1758191627.8848286, "event_type": "FRAUD_ANALYSIS", "user_id": "user_18", "details": {"transaction": {"amount": 1018, "timestamp": 1758191627.8191054, "device_id": "device_8"}, "combined_score": 0.15, "risk_level": "LOW", "is_fraud": false}}
2025-09-18 16:03:47,943 - INFO - {"timestamp": 1758191627.943952, "event_type": "FRAUD_ANALYSIS", "user_id": "user_19", "details": {"transaction": {"amount": 1019, "timestamp": 1758191627.8848286, "device_id": "device_9"}, "combined_score": 0.15, "risk_level": "LOW", "is_fraud": false}}
2025-09-18 16:03:48,009 - INFO - {"timestamp": 1758191628.0095978, "event_type": "FRAUD_ANALYSIS", "user_id": "user_0", "details": {"transaction": {"amount": 1020, "timestamp": 1758191627.943952, "device_id": "device_0"}, "combined_score": 0.12, "risk_level": "LOW", "is_fraud": false}}
2025-09-18 16:03:48,067 - INFO - {"timestamp": 1758191628.0678961, "event_type": "FRAUD_ANALYSIS", "user_id": "user_1", "details": {"transaction": {"amount": 1021, "timestamp": 1758191628.0095978, "device_id": "device_1"}, "combined_score": 0.12, "risk_level": "LOW", "is_fraud": false}}
2025-09-18 16:03:48,126 - INFO - {"timestamp": 1758191628.1263845, "event_type": "FRAUD_ANALYSIS", "user_id": "user_2", "details": {"transaction": {"amount": 1022, "timestamp": 1758191628.0678961, "device_id": "device_2"}, "combined_score": 0.12, "risk_level": "LOW", "is_fraud": false}}
2025-09-18 16:03:48,194 - INFO - {"timestamp": 1758191628.1940882, "event_type": "FRAUD_ANALYSIS", "user_id": "user_3", "details": {"transaction": {"amount": 1023, "timestamp": 1758191628.1263845, "device_id": "device_3"}, "combined_score": 0.12, "risk_level": "LOW", "is_fraud": false}}
2025-09-18 16:03:48,250 - INFO - {"timestamp": 1758191628.2508397, "event_type": "FRAUD_ANALYSIS", "user_id": "user_4", "details": {"transaction": {"amount": 1024, "timestamp": 1758191628.1940882, "device_id": "device_4"}, "combined_score": 0.12, "risk_level": "LOW", "is_fraud": false}}
2025-09-18 16:03:48,316 - INFO - {"timestamp": 1758191628.3099043, "event_type": "FRAUD_ANALYSIS", "user_id": "user_5", "details": {"transaction": {"amount": 1025, "timestamp": 1758191628.2508397, "device_id": "device_5"}, "combined_score": 0.12, "risk_level": "LOW", "is_fraud": false}}
2025-09-18 16:03:48,376 - INFO - {"timestamp": 1758191628.376033, "event_type": "FRAUD_ANALYSIS", "user_id": "user_6", "details": {"transaction": {"amount": 1026, "timestamp": 1758191628.3173978, "device_id": "device_6"}, "combined_score": 0.12, "risk_level": "LOW", "is_fraud": false}}
2025-09-18 16:03:48,433 - INFO - {"timestamp": 1758191628.4336681, "event_type": "FRAUD_ANALYSIS", "user_id": "user_7", "details": {"transaction": {"amount": 1027, "timestamp": 1758191628.376033, "device_id": "device_7"}, "combined_score": 0.12, "risk_level": "LOW", "is_fraud": false}}
2025-09-18 16:03:48,500 - INFO - {"timestamp": 1758191628.5001884, "event_type": "FRAUD_ANALYSIS", "user_id": "user_8", "details": {"transaction": {"amount": 1028, "timestamp": 1758191628.4336681, "device_id": "device_8"}, "combined_score": 0.12, "risk_level": "LOW", "is_fraud": false}}
2025-09-18 16:03:48,566 - INFO - {"timestamp": 1758191628.5667212, "event_type": "FRAUD_ANALYSIS", "user_id": "user_9", "details": {"transaction": {"amount": 1029, "timestamp": 1758191628.5001884, "device_id": "device_9"}, "combined_score": 0.12, "risk_level": "LOW", "is_fraud": false}}
2025-09-18 16:03:48,624 - INFO - {"timestamp": 1758191628.6248279, "event_type": "FRAUD_ANALYSIS", "user_id": "user_10", "details": {"transaction": {"amount": 1030, "timestamp": 1758191628.5667212, "device_id": "device_0"}, "combined_score": 0.12, "risk_level": "LOW", "is_fraud": false}}
2025-09-18 16:03:48,691 - INFO - {"timestamp": 1758191628.6916494, "event_type": "FRAUD_ANALYSIS", "user_id": "user_11", "details": {"transaction": {"amount": 1031, "timestamp": 1758191628.6248279, "device_id": "device_1"}, "combined_score": 0.12, "risk_level": "LOW", "is_fraud": false}}
2025-09-18 16:03:48,749 - INFO - {"timestamp": 1758191628.7495277, "event_type": "FRAUD_ANALYSIS", "user_id": "user_12", "details": {"transaction": {"amount": 1032, "timestamp": 1758191628.6916494, "device_id": "device_2"}, "combined_score": 0.12, "risk_level": "LOW", "is_fraud": false}}
2025-09-18 16:03:48,808 - INFO - {"timestamp": 1758191628.8086967, "event_type": "FRAUD_ANALYSIS", "user_id": "user_13", "details": {"transaction": {"amount": 1033, "timestamp": 1758191628.7495277, "device_id": "device_3"}, "combined_score": 0.12, "risk_level": "LOW", "is_fraud": false}}
2025-09-18 16:03:48,874 - INFO - {"timestamp": 1758191628.8743806, "event_type": "FRAUD_ANALYSIS", "user_id": "user_14", "details": {"transaction": {"amount": 1034, "timestamp": 1758191628.8086967, "device_id": "device_4"}, "combined_score": 0.12, "risk_level": "LOW", "is_fraud": false}}
2025-09-18 16:03:48,932 - INFO - {"timestamp": 1758191628.932891, "event_type": "FRAUD_ANALYSIS", "user_id": "user_15", "details": {"transaction": {"amount": 1035, "timestamp": 1758191628.8743806, "device_id": "device_5"}, "combined_score": 0.12, "risk_level": "LOW", "is_fraud": false}}
2025-09-18 16:03:48,990 - INFO - {"timestamp": 1758191628.9909673, "event_type": "FRAUD_ANALYSIS", "user_id": "user_16", "details": {"transaction": {"amount": 1036, "timestamp": 1758191628.932891, "device_id": "device_6"}, "combined_score": 0.12, "risk_level": "LOW", "is_fraud": false}}
2025-09-18 16:03:49,057 - INFO - {"timestamp": 1758191629.0571282, "event_type": "FRAUD_ANALYSIS", "user_id": "user_17", "details": {"transaction": {"amount": 1037, "timestamp": 1758191628.9909673, "device_id": "device_7"}, "combined_score": 0.12, "risk_level": "LOW", "is_fraud": false}}
2025-09-18 16:03:49,115 - INFO - {"timestamp": 1758191629.1158364, "event_type": "FRAUD_ANALYSIS", "user_id": "user_18", "details": {"transaction": {"amount": 1038, "timestamp": 1758191629.0571282, "device_id": "device_8"}, "combined_score": 0.12, "risk_level": "LOW", "is_fraud": false}}
2025-09-18 16:03:49,174 - INFO - {"timestamp": 1758191629.174416, "event_type": "FRAUD_ANALYSIS", "user_id": "user_19", "details": {"transaction": {"amount": 1039, "timestamp": 1758191629.1158364, "device_id": "device_9"}, "combined_score": 0.12, "risk_level": "LOW", "is_fraud": false}}
2025-09-18 16:03:49,232 - INFO - {"timestamp": 1758191629.2320151, "event_type": "FRAUD_ANALYSIS", "user_id": "user_0", "details": {"transaction": {"amount": 1040, "timestamp": 1758191629.174416, "device_id": "device_0"}, "combined_score": 0.12, "risk_level": "LOW", "is_fraud": false}}
2025-09-18 16:03:49,291 - INFO - {"timestamp": 1758191629.291022, "event_type": "FRAUD_ANALYSIS", "user_id": "user_1", "details": {"transaction": {"amount": 1041, "timestamp": 1758191629.2320151, "device_id": "device_1"}, "combined_score": 0.12, "risk_level": "LOW", "is_fraud": false}}
2025-09-18 16:03:49,348 - INFO - {"timestamp": 1758191629.348608, "event_type": "FRAUD_ANALYSIS", "user_id": "user_2", "details": {"transaction": {"amount": 1042, "timestamp": 1758191629.291022, "device_id": "device_2"}, "combined_score": 0.12, "risk_level": "LOW", "is_fraud": false}}
2025-09-18 16:03:49,406 - INFO - {"timestamp": 1758191629.4066608, "event_type": "FRAUD_ANALYSIS", "user_id": "user_3", "details": {"transaction": {"amount": 1043, "timestamp": 1758191629.348608, "device_id": "device_3"}, "combined_score": 0.12, "risk_level": "LOW", "is_fraud": false}}
2025-09-18 16:03:49,473 - INFO - {"timestamp": 1758191629.4730556, "event_type": "FRAUD_ANALYSIS", "user_id": "user_4", "details": {"transaction": {"amount": 1044, "timestamp": 1758191629.414305, "device_id": "device_4"}, "combined_score": 0.12, "risk_level": "LOW", "is_fraud": false}}
2025-09-18 16:03:49,531 - INFO - {"timestamp": 1758191629.531276, "event_type": "FRAUD_ANALYSIS", "user_id": "user_5", "details": {"transaction": {"amount": 1045, "timestamp": 1758191629.4730556, "device_id": "device_5"}, "combined_score": 0.12, "risk_level": "LOW", "is_fraud": false}}
2025-09-18 16:03:49,590 - INFO - {"timestamp": 1758191629.590551, "event_type": "FRAUD_ANALYSIS", "user_id": "user_6", "details": {"transaction": {"amount": 1046, "timestamp": 1758191629.531276, "device_id": "device_6"}, "combined_score": 0.12, "risk_level": "LOW", "is_fraud": false}}
2025-09-18 16:03:49,655 - INFO - {"timestamp": 1758191629.655912, "event_type": "FRAUD_ANALYSIS", "user_id": "user_7", "details": {"transaction": {"amount": 1047, "timestamp": 1758191629.590551, "device_id": "device_7"}, "combined_score": 0.12, "risk_level": "LOW", "is_fraud": false}}
2025-09-18 16:03:49,714 - INFO - {"timestamp": 1758191629.7141197, "event_type": "FRAUD_ANALYSIS", "user_id": "user_8", "details": {"transaction": {"amount": 1048, "timestamp": 1758191629.655912, "device_id": "device_8"}, "combined_score": 0.12, "risk_level": "LOW", "is_fraud": false}}
2025-09-18 16:03:49,773 - INFO - {"timestamp": 1758191629.7735326, "event_type": "FRAUD_ANALYSIS", "user_id": "user_9", "details": {"transaction": {"amount": 1049, "timestamp": 1758191629.7141197, "device_id": "device_9"}, "combined_score": 0.12, "risk_level": "LOW", "is_fraud": false}}
2025-09-18 16:03:49,838 - INFO - {"timestamp": 1758191629.8388386, "event_type": "FRAUD_ANALYSIS", "user_id": "user_10", "details": {"transaction": {"amount": 1050, "timestamp": 1758191629.7735326, "device_id": "device_0"}, "combined_score": 0.12, "risk_level": "LOW", "is_fraud": false}}
2025-09-18 16:03:49,897 - INFO - {"timestamp": 1758191629.8970845, "event_type": "FRAUD_ANALYSIS", "user_id": "user_11", "details": {"transaction": {"amount": 1051, "timestamp": 1758191629.8388386, "device_id": "device_1"}, "combined_score": 0.12, "risk_level": "LOW", "is_fraud": false}}
2025-09-18 16:03:49,960 - INFO - {"timestamp": 1758191629.9609857, "event_type": "FRAUD_ANALYSIS", "user_id": "user_12", "details": {"transaction": {"amount": 1052, "timestamp": 1758191629.8970845, "device_id": "device_2"}, "combined_score": 0.12, "risk_level": "LOW", "is_fraud": false}}
2025-09-18 16:03:50,021 - INFO - {"timestamp": 1758191630.0218532, "event_type": "FRAUD_ANALYSIS", "user_id": "user_13", "details": {"transaction": {"amount": 1053, "timestamp": 1758191629.9609857, "device_id": "device_3"}, "combined_score": 0.12, "risk_level": "LOW", "is_fraud": false}}
2025-09-18 16:03:50,080 - INFO - {"timestamp": 1758191630.0800333, "event_type": "FRAUD_ANALYSIS", "user_id": "user_14", "details": {"transaction": {"amount": 1054, "timestamp": 1758191630.0218532, "device_id": "device_4"}, "combined_score": 0.12, "risk_level": "LOW", "is_fraud": false}}
2025-09-18 16:03:50,138 - INFO - {"timestamp": 1758191630.1380339, "event_type": "FRAUD_ANALYSIS", "user_id": "user_15", "details": {"transaction": {"amount": 1055, "timestamp": 1758191630.0800333, "device_id": "device_5"}, "combined_score": 0.12, "risk_level": "LOW", "is_fraud": false}}
2025-09-18 16:03:50,197 - INFO - {"timestamp": 1758191630.19773, "event_type": "FRAUD_ANALYSIS", "user_id": "user_16", "details": {"transaction": {"amount": 1056, "timestamp": 1758191630.1380339, "device_id": "device_6"}, "combined_score": 0.12, "risk_level": "LOW", "is_fraud": false}}
2025-09-18 16:03:50,262 - INFO - {"timestamp": 1758191630.2628014, "event_type": "FRAUD_ANALYSIS", "user_id": "user_17", "details": {"transaction": {"amount": 1057, "timestamp": 1758191630.19773, "device_id": "device_7"}, "combined_score": 0.12, "risk_level": "LOW", "is_fraud": false}}
2025-09-18 16:03:50,322 - INFO - {"timestamp": 1758191630.3222797, "event_type": "FRAUD_ANALYSIS", "user_id": "user_18", "details": {"transaction": {"amount": 1058, "timestamp": 1758191630.2628014, "device_id": "device_8"}, "combined_score": 0.12, "risk_level": "LOW", "is_fraud": false}}
2025-09-18 16:03:50,379 - INFO - {"timestamp": 1758191630.3792276, "event_type": "FRAUD_ANALYSIS", "user_id": "user_19", "details": {"transaction": {"amount": 1059, "timestamp": 1758191630.3222797, "device_id": "device_9"}, "combined_score": 0.12, "risk_level": "LOW", "is_fraud": false}}
2025-09-18 16:03:50,437 - INFO - {"timestamp": 1758191630.4379494, "event_type": "FRAUD_ANALYSIS", "user_id": "user_0", "details": {"transaction": {"amount": 1060, "timestamp": 1758191630.3792276, "device_id": "device_0"}, "combined_score": 0.12, "risk_level": "LOW", "is_fraud": false}}
2025-09-18 16:03:50,495 - INFO - {"timestamp": 1758191630.495826, "event_type": "FRAUD_ANALYSIS", "user_id": "user_1", "details": {"transaction": {"amount": 1061, "timestamp": 1758191630.4379494, "device_id": "device_1"}, "combined_score": 0.12, "risk_level": "LOW", "is_fraud": false}}
2025-09-18 16:03:50,562 - INFO - {"timestamp": 1758191630.562251, "event_type": "FRAUD_ANALYSIS", "user_id": "user_2", "details": {"transaction": {"amount": 1062, "timestamp": 1758191630.495826, "device_id": "device_2"}, "combined_score": 0.12, "risk_level": "LOW", "is_fraud": false}}
2025-09-18 16:03:50,620 - INFO - {"timestamp": 1758191630.6204274, "event_type": "FRAUD_ANALYSIS", "user_id": "user_3", "details": {"transaction": {"amount": 1063, "timestamp": 1758191630.562251, "device_id": "device_3"}, "combined_score": 0.12, "risk_level": "LOW", "is_fraud": false}}
2025-09-18 16:03:50,678 - INFO - {"timestamp": 1758191630.6786833, "event_type": "FRAUD_ANALYSIS", "user_id": "user_4", "details": {"transaction": {"amount": 1064, "timestamp": 1758191630.6204274, "device_id": "device_4"}, "combined_score": 0.12, "risk_level": "LOW", "is_fraud": false}}
2025-09-18 16:03:50,745 - INFO - {"timestamp": 1758191630.745169, "event_type": "FRAUD_ANALYSIS", "user_id": "user_5", "details": {"transaction": {"amount": 1065, "timestamp": 1758191630.6786833, "device_id": "device_5"}, "combined_score": 0.12, "risk_level": "LOW", "is_fraud": false}}
2025-09-18 16:03:50,807 - INFO - {"timestamp": 1758191630.8079085, "event_type": "FRAUD_ANALYSIS", "user_id": "user_6", "details": {"transaction": {"amount": 1066, "timestamp": 1758191630.745169, "device_id": "device_6"}, "combined_score": 0.12, "risk_level": "LOW", "is_fraud": false}}
2025-09-18 16:03:50,874 - INFO - {"timestamp": 1758191630.874559, "event_type": "FRAUD_ANALYSIS", "user_id": "user_7", "details": {"transaction": {"amount": 1067, "timestamp": 1758191630.8079085, "device_id": "device_7"}, "combined_score": 0.12, "risk_level": "LOW", "is_fraud": false}}
2025-09-18 16:03:50,936 - INFO - {"timestamp": 1758191630.9365766, "event_type": "FRAUD_ANALYSIS", "user_id": "user_8", "details": {"transaction": {"amount": 1068, "timestamp": 1758191630.874559, "device_id": "device_8"}, "combined_score": 0.12, "risk_level": "LOW", "is_fraud": false}}
2025-09-18 16:03:51,002 - INFO - {"timestamp": 1758191631.0020833, "event_type": "FRAUD_ANALYSIS", "user_id": "user_9", "details": {"transaction": {"amount": 1069, "timestamp": 1758191630.9365766, "device_id": "device_9"}, "combined_score": 0.12, "risk_level": "LOW", "is_fraud": false}}
2025-09-18 16:03:51,061 - INFO - {"timestamp": 1758191631.0611315, "event_type": "FRAUD_ANALYSIS", "user_id": "user_10", "details": {"transaction": {"amount": 1070, "timestamp": 1758191631.0020833, "device_id": "device_0"}, "combined_score": 0.12, "risk_level": "LOW", "is_fraud": false}}
2025-09-18 16:03:51,119 - INFO - {"timestamp": 1758191631.1190808, "event_type": "FRAUD_ANALYSIS", "user_id": "user_11", "details": {"transaction": {"amount": 1071, "timestamp": 1758191631.0611315, "device_id": "device_1"}, "combined_score": 0.12, "risk_level": "LOW", "is_fraud": false}}
2025-09-18 16:03:51,177 - INFO - {"timestamp": 1758191631.1774597, "event_type": "FRAUD_ANALYSIS", "user_id": "user_12", "details": {"transaction": {"amount": 1072, "timestamp": 1758191631.1190808, "device_id": "device_2"}, "combined_score": 0.12, "risk_level": "LOW", "is_fraud": false}}
2025-09-18 16:03:51,243 - INFO - {"timestamp": 1758191631.2439964, "event_type": "FRAUD_ANALYSIS", "user_id": "user_13", "details": {"transaction": {"amount": 1073, "timestamp": 1758191631.1774597, "device_id": "device_3"}, "combined_score": 0.12, "risk_level": "LOW", "is_fraud": false}}
2025-09-18 16:03:51,310 - INFO - {"timestamp": 1758191631.310929, "event_type": "FRAUD_ANALYSIS", "user_id": "user_14", "details": {"transaction": {"amount": 1074, "timestamp": 1758191631.2439964, "device_id": "device_4"}, "combined_score": 0.12, "risk_level": "LOW", "is_fraud": false}}
2025-09-18 16:03:51,372 - INFO - {"timestamp": 1758191631.3722315, "event_type": "FRAUD_ANALYSIS", "user_id": "user_15", "details": {"transaction": {"amount": 1075, "timestamp": 1758191631.310929, "device_id": "device_5"}, "combined_score": 0.12, "risk_level": "LOW", "is_fraud": false}}
2025-09-18 16:03:51,426 - INFO - {"timestamp": 1758191631.4265196, "event_type": "FRAUD_ANALYSIS", "user_id": "user_16", "details": {"transaction": {"amount": 1076, "timestamp": 1758191631.3732314, "device_id": "device_6"}, "combined_score": 0.12, "risk_level": "LOW", "is_fraud": false}}
2025-09-18 16:03:51,493 - INFO - {"timestamp": 1758191631.493425, "event_type": "FRAUD_ANALYSIS", "user_id": "user_17", "details": {"transaction": {"amount": 1077, "timestamp": 1758191631.4265196, "device_id": "device_7"}, "combined_score": 0.12, "risk_level": "LOW", "is_fraud": false}}
2025-09-18 16:03:51,551 - INFO - {"timestamp": 1758191631.551823, "event_type": "FRAUD_ANALYSIS", "user_id": "user_18", "details": {"transaction": {"amount": 1078, "timestamp": 1758191631.493425, "device_id": "device_8"}, "combined_score": 0.12, "risk_level": "LOW", "is_fraud": false}}
2025-09-18 16:03:51,609 - INFO - {"timestamp": 1758191631.609954, "event_type": "FRAUD_ANALYSIS", "user_id": "user_19", "details": {"transaction": {"amount": 1079, "timestamp": 1758191631.551823, "device_id": "device_9"}, "combined_score": 0.12, "risk_level": "LOW", "is_fraud": false}}
2025-09-18 16:03:51,667 - INFO - {"timestamp": 1758191631.6679986, "event_type": "FRAUD_ANALYSIS", "user_id": "user_0", "details": {"transaction": {"amount": 1080, "timestamp": 1758191631.609954, "device_id": "device_0"}, "combined_score": 0.12, "risk_level": "LOW", "is_fraud": false}}
2025-09-18 16:03:51,734 - INFO - {"timestamp": 1758191631.7340913, "event_type": "FRAUD_ANALYSIS", "user_id": "user_1", "details": {"transaction": {"amount": 1081, "timestamp": 1758191631.6679986, "device_id": "device_1"}, "combined_score": 0.12, "risk_level": "LOW", "is_fraud": false}}
2025-09-18 16:03:51,793 - INFO - {"timestamp": 1758191631.7930727, "event_type": "FRAUD_ANALYSIS", "user_id": "user_2", "details": {"transaction": {"amount": 1082, "timestamp": 1758191631.7340913, "device_id": "device_2"}, "combined_score": 0.12, "risk_level": "LOW", "is_fraud": false}}
2025-09-18 16:03:51,851 - INFO - {"timestamp": 1758191631.851025, "event_type": "FRAUD_ANALYSIS", "user_id": "user_3", "details": {"transaction": {"amount": 1083, "timestamp": 1758191631.7930727, "device_id": "device_3"}, "combined_score": 0.12, "risk_level": "LOW", "is_fraud": false}}
2025-09-18 16:03:51,917 - INFO - {"timestamp": 1758191631.9173422, "event_type": "FRAUD_ANALYSIS", "user_id": "user_4", "details": {"transaction": {"amount": 1084, "timestamp": 1758191631.851025, "device_id": "device_4"}, "combined_score": 0.12, "risk_level": "LOW", "is_fraud": false}}
2025-09-18 16:03:51,976 - INFO - {"timestamp": 1758191631.9760253, "event_type": "FRAUD_ANALYSIS", "user_id": "user_5", "details": {"transaction": {"amount": 1085, "timestamp": 1758191631.9173422, "device_id": "device_5"}, "combined_score": 0.12, "risk_level": "LOW", "is_fraud": false}}
2025-09-18 16:03:52,034 - INFO - {"timestamp": 1758191632.0341394, "event_type": "FRAUD_ANALYSIS", "user_id": "user_6", "details": {"transaction": {"amount": 1086, "timestamp": 1758191631.9760253, "device_id": "device_6"}, "combined_score": 0.12, "risk_level": "LOW", "is_fraud": false}}
2025-09-18 16:03:52,100 - INFO - {"timestamp": 1758191632.100278, "event_type": "FRAUD_ANALYSIS", "user_id": "user_7", "details": {"transaction": {"amount": 1087, "timestamp": 1758191632.0416825, "device_id": "device_7"}, "combined_score": 0.12, "risk_level": "LOW", "is_fraud": false}}
2025-09-18 16:03:52,158 - INFO - {"timestamp": 1758191632.1586483, "event_type": "FRAUD_ANALYSIS", "user_id": "user_8", "details": {"transaction": {"amount": 1088, "timestamp": 1758191632.100278, "device_id": "device_8"}, "combined_score": 0.12, "risk_level": "LOW", "is_fraud": false}}
2025-09-18 16:03:52,216 - INFO - {"timestamp": 1758191632.2169662, "event_type": "FRAUD_ANALYSIS", "user_id": "user_9", "details": {"transaction": {"amount": 1089, "timestamp": 1758191632.1586483, "device_id": "device_9"}, "combined_score": 0.12, "risk_level": "LOW", "is_fraud": false}}
2025-09-18 16:03:52,275 - INFO - {"timestamp": 1758191632.2750373, "event_type": "FRAUD_ANALYSIS", "user_id": "user_10", "details": {"transaction": {"amount": 1090, "timestamp": 1758191632.2169662, "device_id": "device_0"}, "combined_score": 0.12, "risk_level": "LOW", "is_fraud": false}}
2025-09-18 16:03:52,340 - INFO - {"timestamp": 1758191632.340987, "event_type": "FRAUD_ANALYSIS", "user_id": "user_11", "details": {"transaction": {"amount": 1091, "timestamp": 1758191632.2750373, "device_id": "device_1"}, "combined_score": 0.12, "risk_level": "LOW", "is_fraud": false}}
2025-09-18 16:03:52,399 - INFO - {"timestamp": 1758191632.399734, "event_type": "FRAUD_ANALYSIS", "user_id": "user_12", "details": {"transaction": {"amount": 1092, "timestamp": 1758191632.341555, "device_id": "device_2"}, "combined_score": 0.12, "risk_level": "LOW", "is_fraud": false}}
2025-09-18 16:03:52,458 - INFO - {"timestamp": 1758191632.4581082, "event_type": "FRAUD_ANALYSIS", "user_id": "user_13", "details": {"transaction": {"amount": 1093, "timestamp": 1758191632.399734, "device_id": "device_3"}, "combined_score": 0.12, "risk_level": "LOW", "is_fraud": false}}
2025-09-18 16:03:52,516 - INFO - {"timestamp": 1758191632.516192, "event_type": "FRAUD_ANALYSIS", "user_id": "user_14", "details": {"transaction": {"amount": 1094, "timestamp": 1758191632.4581082, "device_id": "device_4"}, "combined_score": 0.12, "risk_level": "LOW", "is_fraud": false}}
2025-09-18 16:03:52,574 - INFO - {"timestamp": 1758191632.5747023, "event_type": "FRAUD_ANALYSIS", "user_id": "user_15", "details": {"transaction": {"amount": 1095, "timestamp": 1758191632.516192, "device_id": "device_5"}, "combined_score": 0.12, "risk_level": "LOW", "is_fraud": false}}
2025-09-18 16:03:52,632 - INFO - {"timestamp": 1758191632.6328254, "event_type": "FRAUD_ANALYSIS", "user_id": "user_16", "details": {"transaction": {"amount": 1096, "timestamp": 1758191632.5747023, "device_id": "device_6"}, "combined_score": 0.12, "risk_level": "LOW", "is_fraud": false}}
2025-09-18 16:03:52,699 - INFO - {"timestamp": 1758191632.6991916, "event_type": "FRAUD_ANALYSIS", "user_id": "user_17", "details": {"transaction": {"amount": 1097, "timestamp": 1758191632.6328254, "device_id": "device_7"}, "combined_score": 0.12, "risk_level": "LOW", "is_fraud": false}}
2025-09-18 16:03:52,765 - INFO - {"timestamp": 1758191632.7658272, "event_type": "FRAUD_ANALYSIS", "user_id": "user_18", "details": {"transaction": {"amount": 1098, "timestamp": 1758191632.6991916, "device_id": "device_8"}, "combined_score": 0.12, "risk_level": "LOW", "is_fraud": false}}
2025-09-18 16:03:52,823 - INFO - {"timestamp": 1758191632.8237162, "event_type": "FRAUD_ANALYSIS", "user_id": "user_19", "details": {"transaction": {"amount": 1099, "timestamp": 1758191632.7658272, "device_id": "device_9"}, "combined_score": 0.12, "risk_level": "LOW", "is_fraud": false}}
2025-09-18 16:03:52,882 - INFO - {"timestamp": 1758191632.882492, "event_type": "FRAUD_ANALYSIS", "user_id": "user_0", "details": {"transaction": {"amount": 50000, "timestamp": 1758191632.8237162, "device_id": "suspicious_device_0"}, "combined_score": 0.39, "risk_level": "LOW", "is_fraud": false}}
2025-09-18 16:03:52,948 - INFO - {"timestamp": 1758191632.94883, "event_type": "FRAUD_ANALYSIS", "user_id": "user_1", "details": {"transaction": {"amount": 51000, "timestamp": 1758191632.882492, "device_id": "suspicious_device_1"}, "combined_score": 0.39, "risk_level": "LOW", "is_fraud": false}}
2025-09-18 16:03:53,006 - INFO - {"timestamp": 1758191633.0069065, "event_type": "FRAUD_ANALYSIS", "user_id": "user_2", "details": {"transaction": {"amount": 52000, "timestamp": 1758191632.94883, "device_id": "suspicious_device_2"}, "combined_score": 0.39, "risk_level": "LOW", "is_fraud": false}}
2025-09-18 16:03:53,066 - INFO - {"timestamp": 1758191633.0661235, "event_type": "FRAUD_ANALYSIS", "user_id": "user_3", "details": {"transaction": {"amount": 53000, "timestamp": 1758191633.0069065, "device_id": "suspicious_device_3"}, "combined_score": 0.39, "risk_level": "LOW", "is_fraud": false}}
2025-09-18 16:03:53,123 - INFO - {"timestamp": 1758191633.1231308, "event_type": "FRAUD_ANALYSIS", "user_id": "user_4", "details": {"transaction": {"amount": 54000, "timestamp": 1758191633.0661235, "device_id": "suspicious_device_4"}, "combined_score": 0.39, "risk_level": "LOW", "is_fraud": false}}
2025-09-18 16:03:53,181 - INFO - {"timestamp": 1758191633.1813571, "event_type": "FRAUD_ANALYSIS", "user_id": "user_0", "details": {"transaction": {"amount": 55000, "timestamp": 1758191633.1231308, "device_id": "suspicious_device_5"}, "combined_score": 0.32999999999999996, "risk_level": "LOW", "is_fraud": false}}
2025-09-18 16:03:53,243 - INFO - {"timestamp": 1758191633.2433846, "event_type": "FRAUD_ANALYSIS", "user_id": "user_1", "details": {"transaction": {"amount": 56000, "timestamp": 1758191633.1813571, "device_id": "suspicious_device_6"}, "combined_score": 0.32999999999999996, "risk_level": "LOW", "is_fraud": false}}
2025-09-18 16:03:53,297 - INFO - {"timestamp": 1758191633.2976139, "event_type": "FRAUD_ANALYSIS", "user_id": "user_2", "details": {"transaction": {"amount": 57000, "timestamp": 1758191633.2433846, "device_id": "suspicious_device_7"}, "combined_score": 0.32999999999999996, "risk_level": "LOW", "is_fraud": false}}
2025-09-18 16:03:53,356 - INFO - {"timestamp": 1758191633.3568625, "event_type": "FRAUD_ANALYSIS", "user_id": "user_3", "details": {"transaction": {"amount": 58000, "timestamp": 1758191633.2976139, "device_id": "suspicious_device_8"}, "combined_score": 0.32999999999999996, "risk_level": "LOW", "is_fraud": false}}
2025-09-18 16:03:53,421 - INFO - {"timestamp": 1758191633.421899, "event_type": "FRAUD_ANALYSIS", "user_id": "user_4", "details": {"transaction": {"amount": 59000, "timestamp": 1758191633.3568625, "device_id": "suspicious_device_9"}, "combined_score": 0.32999999999999996, "risk_level": "LOW", "is_fraud": false}}
2025-09-18 16:03:53,481 - INFO - {"timestamp": 1758191633.4814968, "event_type": "FRAUD_ANALYSIS", "user_id": "user_0", "details": {"transaction": {"amount": 60000, "timestamp": 1758191633.421899, "device_id": "suspicious_device_10"}, "combined_score": 0.21, "risk_level": "LOW", "is_fraud": false}}
2025-09-18 16:03:53,538 - INFO - {"timestamp": 1758191633.5388963, "event_type": "FRAUD_ANALYSIS", "user_id": "user_1", "details": {"transaction": {"amount": 61000, "timestamp": 1758191633.4814968, "device_id": "suspicious_device_11"}, "combined_score": 0.21, "risk_level": "LOW", "is_fraud": false}}
2025-09-18 16:03:53,597 - INFO - {"timestamp": 1758191633.597211, "event_type": "FRAUD_ANALYSIS", "user_id": "user_2", "details": {"transaction": {"amount": 62000, "timestamp": 1758191633.5388963, "device_id": "suspicious_device_12"}, "combined_score": 0.21, "risk_level": "LOW", "is_fraud": false}}
2025-09-18 16:03:53,655 - INFO - {"timestamp": 1758191633.655536, "event_type": "FRAUD_ANALYSIS", "user_id": "user_3", "details": {"transaction": {"amount": 63000, "timestamp": 1758191633.597211, "device_id": "suspicious_device_13"}, "combined_score": 0.21, "risk_level": "LOW", "is_fraud": false}}
2025-09-18 16:03:53,721 - INFO - {"timestamp": 1758191633.721906, "event_type": "FRAUD_ANALYSIS", "user_id": "user_4", "details": {"transaction": {"amount": 64000, "timestamp": 1758191633.655536, "device_id": "suspicious_device_14"}, "combined_score": 0.21, "risk_level": "LOW", "is_fraud": false}}
2025-09-18 16:03:53,780 - INFO - {"timestamp": 1758191633.7801583, "event_type": "FRAUD_ANALYSIS", "user_id": "user_0", "details": {"transaction": {"amount": 65000, "timestamp": 1758191633.721906, "device_id": "suspicious_device_15"}, "combined_score": 0.21, "risk_level": "LOW", "is_fraud": false}}
2025-09-18 16:03:53,838 - INFO - {"timestamp": 1758191633.8383002, "event_type": "FRAUD_ANALYSIS", "user_id": "user_1", "details": {"transaction": {"amount": 66000, "timestamp": 1758191633.7801583, "device_id": "suspicious_device_16"}, "combined_score": 0.21, "risk_level": "LOW", "is_fraud": false}}
2025-09-18 16:03:53,896 - INFO - {"timestamp": 1758191633.8966238, "event_type": "FRAUD_ANALYSIS", "user_id": "user_2", "details": {"transaction": {"amount": 67000, "timestamp": 1758191633.8383002, "device_id": "suspicious_device_17"}, "combined_score": 0.21, "risk_level": "LOW", "is_fraud": false}}
2025-09-18 16:03:53,963 - INFO - {"timestamp": 1758191633.9632416, "event_type": "FRAUD_ANALYSIS", "user_id": "user_3", "details": {"transaction": {"amount": 68000, "timestamp": 1758191633.8966238, "device_id": "suspicious_device_18"}, "combined_score": 0.21, "risk_level": "LOW", "is_fraud": false}}
2025-09-18 16:03:54,022 - INFO - {"timestamp": 1758191634.0224373, "event_type": "FRAUD_ANALYSIS", "user_id": "user_4", "details": {"transaction": {"amount": 69000, "timestamp": 1758191633.9632416, "device_id": "suspicious_device_19"}, "combined_score": 0.21, "risk_level": "LOW", "is_fraud": false}}
2025-09-18 16:03:54,079 - INFO - {"timestamp": 1758191634.0791633, "event_type": "FRAUD_ANALYSIS", "user_id": "user_0", "details": {"transaction": {"amount": 70000, "timestamp": 1758191634.0224373, "device_id": "suspicious_device_20"}, "combined_score": 0.18, "risk_level": "LOW", "is_fraud": false}}
2025-09-18 16:03:54,137 - INFO - {"timestamp": 1758191634.1374314, "event_type": "FRAUD_ANALYSIS", "user_id": "user_1", "details": {"transaction": {"amount": 71000, "timestamp": 1758191634.0791633, "device_id": "suspicious_device_21"}, "combined_score": 0.18, "risk_level": "LOW", "is_fraud": false}}
2025-09-18 16:03:54,201 - INFO - {"timestamp": 1758191634.2013385, "event_type": "FRAUD_ANALYSIS", "user_id": "user_2", "details": {"transaction": {"amount": 72000, "timestamp": 1758191634.1374314, "device_id": "suspicious_device_22"}, "combined_score": 0.18, "risk_level": "LOW", "is_fraud": false}}
2025-09-18 16:03:54,262 - INFO - {"timestamp": 1758191634.2622867, "event_type": "FRAUD_ANALYSIS", "user_id": "user_3", "details": {"transaction": {"amount": 73000, "timestamp": 1758191634.2013385, "device_id": "suspicious_device_23"}, "combined_score": 0.18, "risk_level": "LOW", "is_fraud": false}}
2025-09-18 16:03:54,320 - INFO - {"timestamp": 1758191634.3203766, "event_type": "FRAUD_ANALYSIS", "user_id": "user_4", "details": {"transaction": {"amount": 74000, "timestamp": 1758191634.2622867, "device_id": "suspicious_device_24"}, "combined_score": 0.18, "risk_level": "LOW", "is_fraud": false}}
2025-09-18 16:03:54,378 - INFO - {"timestamp": 1758191634.3787568, "event_type": "FRAUD_ANALYSIS", "user_id": "user_0", "details": {"transaction": {"amount": 75000, "timestamp": 1758191634.3203766, "device_id": "suspicious_device_25"}, "combined_score": 0.18, "risk_level": "LOW", "is_fraud": false}}
2025-09-18 16:03:54,437 - INFO - {"timestamp": 1758191634.4371607, "event_type": "FRAUD_ANALYSIS", "user_id": "user_1", "details": {"transaction": {"amount": 76000, "timestamp": 1758191634.3787568, "device_id": "suspicious_device_26"}, "combined_score": 0.18, "risk_level": "LOW", "is_fraud": false}}
2025-09-18 16:03:54,495 - INFO - {"timestamp": 1758191634.4951894, "event_type": "FRAUD_ANALYSIS", "user_id": "user_2", "details": {"transaction": {"amount": 77000, "timestamp": 1758191634.4371607, "device_id": "suspicious_device_27"}, "combined_score": 0.18, "risk_level": "LOW", "is_fraud": false}}
2025-09-18 16:03:54,560 - INFO - {"timestamp": 1758191634.5609996, "event_type": "FRAUD_ANALYSIS", "user_id": "user_3", "details": {"transaction": {"amount": 78000, "timestamp": 1758191634.4951894, "device_id": "suspicious_device_28"}, "combined_score": 0.18, "risk_level": "LOW", "is_fraud": false}}
2025-09-18 16:03:54,619 - INFO - {"timestamp": 1758191634.6195292, "event_type": "FRAUD_ANALYSIS", "user_id": "user_4", "details": {"transaction": {"amount": 79000, "timestamp": 1758191634.5609996, "device_id": "suspicious_device_29"}, "combined_score": 0.18, "risk_level": "LOW", "is_fraud": false}}
2025-09-18 16:03:54,677 - INFO - {"timestamp": 1758191634.6779027, "event_type": "FRAUD_ANALYSIS", "user_id": "user_0", "details": {"transaction": {"amount": 80000, "timestamp": 1758191634.6195292, "device_id": "suspicious_device_30"}, "combined_score": 0.18, "risk_level": "LOW", "is_fraud": false}}
2025-09-18 16:03:54,736 - INFO - {"timestamp": 1758191634.7365363, "event_type": "FRAUD_ANALYSIS", "user_id": "user_1", "details": {"transaction": {"amount": 81000, "timestamp": 1758191634.6779027, "device_id": "suspicious_device_31"}, "combined_score": 0.18, "risk_level": "LOW", "is_fraud": false}}
2025-09-18 16:03:54,794 - INFO - {"timestamp": 1758191634.7946231, "event_type": "FRAUD_ANALYSIS", "user_id": "user_2", "details": {"transaction": {"amount": 82000, "timestamp": 1758191634.7365363, "device_id": "suspicious_device_32"}, "combined_score": 0.18, "risk_level": "LOW", "is_fraud": false}}
2025-09-18 16:03:54,860 - INFO - {"timestamp": 1758191634.8603113, "event_type": "FRAUD_ANALYSIS", "user_id": "user_3", "details": {"transaction": {"amount": 83000, "timestamp": 1758191634.7946231, "device_id": "suspicious_device_33"}, "combined_score": 0.18, "risk_level": "LOW", "is_fraud": false}}
2025-09-18 16:03:54,918 - INFO - {"timestamp": 1758191634.9189286, "event_type": "FRAUD_ANALYSIS", "user_id": "user_4", "details": {"transaction": {"amount": 84000, "timestamp": 1758191634.860617, "device_id": "suspicious_device_34"}, "combined_score": 0.18, "risk_level": "LOW", "is_fraud": false}}
2025-09-18 16:03:54,977 - INFO - {"timestamp": 1758191634.9779367, "event_type": "FRAUD_ANALYSIS", "user_id": "user_0", "details": {"transaction": {"amount": 85000, "timestamp": 1758191634.9189286, "device_id": "suspicious_device_35"}, "combined_score": 0.18, "risk_level": "LOW", "is_fraud": false}}
2025-09-18 16:03:55,035 - INFO - {"timestamp": 1758191635.0359304, "event_type": "FRAUD_ANALYSIS", "user_id": "user_1", "details": {"transaction": {"amount": 86000, "timestamp": 1758191634.9779367, "device_id": "suspicious_device_36"}, "combined_score": 0.18, "risk_level": "LOW", "is_fraud": false}}
2025-09-18 16:03:55,101 - INFO - {"timestamp": 1758191635.10193, "event_type": "FRAUD_ANALYSIS", "user_id": "user_2", "details": {"transaction": {"amount": 87000, "timestamp": 1758191635.0432417, "device_id": "suspicious_device_37"}, "combined_score": 0.18, "risk_level": "LOW", "is_fraud": false}}
2025-09-18 16:03:55,160 - INFO - {"timestamp": 1758191635.1600118, "event_type": "FRAUD_ANALYSIS", "user_id": "user_3", "details": {"transaction": {"amount": 88000, "timestamp": 1758191635.10193, "device_id": "suspicious_device_38"}, "combined_score": 0.18, "risk_level": "LOW", "is_fraud": false}}
2025-09-18 16:03:55,218 - INFO - {"timestamp": 1758191635.2186003, "event_type": "FRAUD_ANALYSIS", "user_id": "user_4", "details": {"transaction": {"amount": 89000, "timestamp": 1758191635.1600118, "device_id": "suspicious_device_39"}, "combined_score": 0.18, "risk_level": "LOW", "is_fraud": false}}
2025-09-18 16:03:55,276 - INFO - {"timestamp": 1758191635.2766948, "event_type": "FRAUD_ANALYSIS", "user_id": "user_0", "details": {"transaction": {"amount": 90000, "timestamp": 1758191635.2186003, "device_id": "suspicious_device_40"}, "combined_score": 0.18, "risk_level": "LOW", "is_fraud": false}}
2025-09-18 16:03:55,335 - INFO - {"timestamp": 1758191635.3350239, "event_type": "FRAUD_ANALYSIS", "user_id": "user_1", "details": {"transaction": {"amount": 91000, "timestamp": 1758191635.2766948, "device_id": "suspicious_device_41"}, "combined_score": 0.18, "risk_level": "LOW", "is_fraud": false}}
2025-09-18 16:03:55,393 - INFO - {"timestamp": 1758191635.393306, "event_type": "FRAUD_ANALYSIS", "user_id": "user_2", "details": {"transaction": {"amount": 92000, "timestamp": 1758191635.3350239, "device_id": "suspicious_device_42"}, "combined_score": 0.18, "risk_level": "LOW", "is_fraud": false}}
2025-09-18 16:03:55,451 - INFO - {"timestamp": 1758191635.45121, "event_type": "FRAUD_ANALYSIS", "user_id": "user_3", "details": {"transaction": {"amount": 93000, "timestamp": 1758191635.393306, "device_id": "suspicious_device_43"}, "combined_score": 0.18, "risk_level": "LOW", "is_fraud": false}}
2025-09-18 16:03:55,517 - INFO - {"timestamp": 1758191635.5177643, "event_type": "FRAUD_ANALYSIS", "user_id": "user_4", "details": {"transaction": {"amount": 94000, "timestamp": 1758191635.45121, "device_id": "suspicious_device_44"}, "combined_score": 0.18, "risk_level": "LOW", "is_fraud": false}}
2025-09-18 16:03:55,575 - INFO - {"timestamp": 1758191635.5759368, "event_type": "FRAUD_ANALYSIS", "user_id": "user_0", "details": {"transaction": {"amount": 95000, "timestamp": 1758191635.5177643, "device_id": "suspicious_device_45"}, "combined_score": 0.18, "risk_level": "LOW", "is_fraud": false}}
2025-09-18 16:03:55,634 - INFO - {"timestamp": 1758191635.6345046, "event_type": "FRAUD_ANALYSIS", "user_id": "user_1", "details": {"transaction": {"amount": 96000, "timestamp": 1758191635.5759368, "device_id": "suspicious_device_46"}, "combined_score": 0.18, "risk_level": "LOW", "is_fraud": false}}
2025-09-18 16:03:55,700 - INFO - {"timestamp": 1758191635.7009213, "event_type": "FRAUD_ANALYSIS", "user_id": "user_2", "details": {"transaction": {"amount": 97000, "timestamp": 1758191635.6345046, "device_id": "suspicious_device_47"}, "combined_score": 0.18, "risk_level": "LOW", "is_fraud": false}}
2025-09-18 16:03:55,775 - INFO - {"timestamp": 1758191635.7754107, "event_type": "FRAUD_ANALYSIS", "user_id": "user_3", "details": {"transaction": {"amount": 98000, "timestamp": 1758191635.7009213, "device_id": "suspicious_device_48"}, "combined_score": 0.18, "risk_level": "LOW", "is_fraud": false}}
2025-09-18 16:03:55,833 - INFO - {"timestamp": 1758191635.8339133, "event_type": "FRAUD_ANALYSIS", "user_id": "user_4", "details": {"transaction": {"amount": 99000, "timestamp": 1758191635.7754107, "device_id": "suspicious_device_49"}, "combined_score": 0.18, "risk_level": "LOW", "is_fraud": false}}
2025-09-18 16:09:34,985 - INFO - {"timestamp": 1758191974.9858317, "event_type": "USER_SETUP", "user_id": "user_1758191974", "details": {"device_id": "45f99e78948cb274", "timestamp": 1758191974.9858317}}
2025-09-18 16:09:50,254 - INFO - {"timestamp": 1758191990.2545247, "event_type": "FAILED_AUTH", "user_id": "user_1758191974", "details": {"device_id": "45f99e78948cb274", "reason": "Invalid PIN"}}
2025-09-18 16:10:28,142 - INFO - {"timestamp": 1758192028.1427639, "event_type": "USER_SETUP", "user_id": "user_1758192028", "details": {"device_id": "45f99e78948cb274", "timestamp": 1758192028.1427639}}
2025-09-18 16:10:42,190 - INFO - {"timestamp": 1758192042.1908674, "event_type": "FRAUD_ANALYSIS", "user_id": "user_1758192028", "details": {"transaction": {"user_id": "user_1758192028", "amount": 56565.0, "timestamp": 1758192041.9762697, "device_id": "45f99e78948cb274", "language": "hi"}, "combined_score": 0.15, "risk_level": "LOW", "is_fraud": false}}
2025-09-18 16:15:55,830 - INFO - {"timestamp": 1758192355.830822, "event_type": "USER_SETUP", "user_id": "user_1758192355", "details": {"device_id": "45f99e78948cb274", "timestamp": 1758192355.830822}}
2025-09-18 16:16:04,779 - INFO - {"timestamp": 1758192364.7791421, "event_type": "FRAUD_ANALYSIS", "user_id": "user_1758192355", "details": {"transaction": {"user_id": "user_1758192355", "amount": 56565.0, "timestamp": 1758192364.686812, "device_id": "45f99e78948cb274", "language": "en"}, "combined_score": 0.15, "risk_level": "LOW", "is_fraud": false}}
2025-09-18 16:17:10,409 - INFO - {"timestamp": 1758192430.4096947, "event_type": "USER_SETUP", "user_id": "user_1758192430", "details": {"device_id": "45f99e78948cb274", "timestamp": 1758192430.4096947}}
2025-09-18 16:17:28,971 - INFO - {"timestamp": 1758192448.9717634, "event_type": "FRAUD_ANALYSIS", "user_id": "user_1758192430", "details": {"transaction": {"user_id": "user_1758192430", "amount": 5555.0, "timestamp": 1758192448.8651175, "device_id": "45f99e78948cb274", "language": "en"}, "combined_score": 0.15, "risk_level": "LOW", "is_fraud": false}}
2025-09-18 16:19:26,860 - INFO - {"timestamp": 1758192566.8604255, "event_type": "USER_SETUP", "user_id": "user_1758192566", "details": {"device_id": "45f99e78948cb274", "timestamp": 1758192566.8604255}}
2025-09-18 16:19:34,639 - INFO - {"timestamp": 1758192574.6393678, "event_type": "FRAUD_ANALYSIS", "user_id": "user_1758192566", "details": {"transaction": {"user_id": "user_1758192566", "amount": 5555.0, "timestamp": 1758192574.51426, "device_id": "45f99e78948cb274", "language": "en"}, "combined_score": 0.15, "risk_level": "LOW", "is_fraud": false}}
2025-09-18 16:22:11,858 - INFO - {"timestamp": 1758192731.8580015, "event_type": "USER_SETUP", "user_id": "user_1758192731", "details": {"device_id": "45f99e78948cb274", "timestamp": 1758192731.8580015}}
2025-09-18 16:25:05,390 - INFO - {"timestamp": 1758192905.3909855, "event_type": "USER_SETUP", "user_id": "user_1758192905", "details": {"device_id": "45f99e78948cb274", "timestamp": 1758192905.3909855}}
2025-09-18 16:25:13,561 - INFO - {"timestamp": 1758192913.5619893, "event_type": "FRAUD_ANALYSIS", "user_id": "user_1758192905", "details": {"transaction": {"user_id": "user_1758192905", "amount": 56565.0, "timestamp": 1758192913.324462, "device_id": "45f99e78948cb274", "language": "en"}, "combined_score": 0.15, "risk_level": "LOW", "is_fraud": false}}
2025-09-18 16:25:35,465 - INFO - {"timestamp": 1758192935.465585, "event_type": "FRAUD_ANALYSIS", "user_id": "user_1758192905", "details": {"transaction": {"user_id": "user_1758192905", "amount": 525252.0, "timestamp": 1758192935.408348, "device_id": "45f99e78948cb274", "language": "en"}, "combined_score": 0.49, "risk_level": "MEDIUM", "is_fraud": false}}
2025-09-18 16:26:18,541 - INFO - {"timestamp": 1758192978.5415542, "event_type": "FRAUD_ANALYSIS", "user_id": "user_1758192905", "details": {"transaction": {"user_id": "user_1758192905", "amount": 525252.0, "timestamp": 1758192978.4850414, "device_id": "45f99e78948cb274", "language": "en"}, "combined_score": 0.27999999999999997, "risk_level": "LOW", "is_fraud": false}}
2025-09-18 16:26:19,158 - INFO - {"timestamp": 1758192979.157658, "event_type": "FRAUD_ANALYSIS", "user_id": "user_1758192905", "details": {"transaction": {"user_id": "user_1758192905", "amount": 525252.0, "timestamp": 1758192979.092815, "device_id": "45f99e78948cb274", "language": "en"}, "combined_score": 0.37, "risk_level": "LOW", "is_fraud": false}}
2025-09-18 16:56:15,811 - INFO - {"timestamp": 1758194775.8117847, "event_type": "USER_SETUP", "user_id": "user_1758194775", "details": {"device_id": "45f99e78948cb274", "timestamp": 1758194775.8117847}}
2025-09-18 16:56:28,195 - INFO - {"timestamp": 1758194788.19538, "event_type": "FRAUD_ANALYSIS", "user_id": "user_1758194775", "details": {"transaction": {"user_id": "user_1758194775", "amount": 1000000.0, "timestamp": 1758194787.9464302, "device_id": "45f99e78948cb274", "language": "en"}, "combined_score": 0.31000000000000005, "risk_level": "LOW", "is_fraud": false}}
2025-09-18 17:02:48,170 - INFO - {"timestamp": 1758195168.1704125, "event_type": "USER_SETUP", "user_id": "user_1758195168", "details": {"device_id": "45f99e78948cb274", "timestamp": 1758195168.1704125}}
2025-09-18 17:03:14,319 - INFO - {"timestamp": 1758195194.3190966, "event_type": "FRAUD_ANALYSIS", "user_id": "user_1758195168", "details": {"transaction": {"user_id": "user_1758195168", "amount": 200000.0, "timestamp": 1758195194.0694551, "device_id": "45f99e78948cb274", "language": "en"}, "combined_score": 0.31000000000000005, "risk_level": "LOW", "is_fraud": false}}
2025-09-18 17:07:28,914 - INFO - {"timestamp": 1758195448.914277, "event_type": "FRAUD_ANALYSIS", "user_id": "test_user", "details": {"transaction": {"user_id": "test_user", "amount": 50000, "timestamp": 1758195448.1573246, "device_id": "test_device"}, "combined_score": 0.15, "risk_level": "LOW", "is_fraud": false}}
2025-09-18 17:07:29,141 - INFO - {"timestamp": 1758195449.1410422, "event_type": "FRAUD_ANALYSIS", "user_id": "test_user", "details": {"transaction": {"user_id": "test_user", "amount": 100000, "timestamp": 1758195448.9162738, "device_id": "test_device"}, "combined_score": 0.16000000000000003, "risk_level": "LOW", "is_fraud": false}}
2025-09-18 17:07:29,329 - INFO - {"timestamp": 1758195449.3299654, "event_type": "FRAUD_ANALYSIS", "user_id": "test_user", "details": {"transaction": {"user_id": "test_user", "amount": 150000, "timestamp": 1758195449.1580482, "device_id": "test_device"}, "combined_score": 0.49, "risk_level": "MEDIUM", "is_fraud": true}}
2025-09-18 17:07:29,521 - INFO - {"timestamp": 1758195449.5215945, "event_type": "FRAUD_ANALYSIS", "user_id": "test_user", "details": {"transaction": {"user_id": "test_user", "amount": 200000, "timestamp": 1758195449.3309643, "device_id": "test_device"}, "combined_score": 0.49, "risk_level": "MEDIUM", "is_fraud": true}}
2025-09-18 17:07:29,723 - INFO - {"timestamp": 1758195449.7232387, "event_type": "FRAUD_ANALYSIS", "user_id": "test_user", "details": {"transaction": {"user_id": "test_user", "amount": 300000, "timestamp": 1758195449.5235882, "device_id": "test_device"}, "combined_score": 0.55, "risk_level": "MEDIUM", "is_fraud": true}}
2025-09-18 17:07:39,823 - INFO - {"timestamp": 1758195459.823947, "event_type": "USER_SETUP", "user_id": "user_1758195459", "details": {"device_id": "45f99e78948cb274", "timestamp": 1758195459.823947}}
2025-09-18 17:07:51,152 - INFO - {"timestamp": 1758195471.1528687, "event_type": "FRAUD_ANALYSIS", "user_id": "user_1758195459", "details": {"transaction": {"user_id": "user_1758195459", "amount": 200000.0, "timestamp": 1758195470.8628528, "device_id": "45f99e78948cb274", "language": "en"}, "combined_score": 0.4700000000000001, "risk_level": "MEDIUM", "is_fraud": true}}
2025-09-18 17:10:59,598 - INFO - {"timestamp": 1758195659.598041, "event_type": "FRAUD_ANALYSIS", "user_id": "test_user", "details": {"transaction": {"user_id": "test_user", "amount": 50000, "timestamp": 1758195659.3587985, "device_id": "test_device"}, "combined_score": 0.15, "risk_level": "LOW", "is_fraud": false}}
2025-09-18 17:10:59,670 - INFO - {"timestamp": 1758195659.670222, "event_type": "FRAUD_ANALYSIS", "user_id": "test_user", "details": {"transaction": {"user_id": "test_user", "amount": 100000, "timestamp": 1758195659.598041, "device_id": "test_device"}, "combined_score": 0.16000000000000003, "risk_level": "LOW", "is_fraud": false}}
2025-09-18 17:10:59,731 - INFO - {"timestamp": 1758195659.7319148, "event_type": "FRAUD_ANALYSIS", "user_id": "test_user", "details": {"transaction": {"user_id": "test_user", "amount": 150000, "timestamp": 1758195659.670222, "device_id": "test_device"}, "combined_score": 0.49, "risk_level": "MEDIUM", "is_fraud": true}}
2025-09-18 17:10:59,806 - INFO - {"timestamp": 1758195659.8064573, "event_type": "FRAUD_ANALYSIS", "user_id": "test_user", "details": {"transaction": {"user_id": "test_user", "amount": 200000, "timestamp": 1758195659.7319148, "device_id": "test_device"}, "combined_score": 0.49, "risk_level": "MEDIUM", "is_fraud": true}}
2025-09-18 17:10:59,880 - INFO - {"timestamp": 1758195659.8805192, "event_type": "FRAUD_ANALYSIS", "user_id": "test_user", "details": {"transaction": {"user_id": "test_user", "amount": 300000, "timestamp": 1758195659.81284, "device_id": "test_device"}, "combined_score": 0.55, "risk_level": "MEDIUM", "is_fraud": true}}
2025-09-18 17:11:43,139 - INFO - {"timestamp": 1758195703.1399167, "event_type": "USER_SETUP", "user_id": "user_1758195703", "details": {"device_id": "45f99e78948cb274", "timestamp": 1758195703.1399167}}
2025-09-18 17:12:10,114 - INFO - {"timestamp": 1758195730.1145053, "event_type": "FRAUD_ANALYSIS", "user_id": "user_1758195703", "details": {"transaction": {"user_id": "user_1758195703", "amount": 900000.0, "timestamp": 1758195729.7943203, "device_id": "45f99e78948cb274", "language": "en"}, "combined_score": 0.4700000000000001, "risk_level": "MEDIUM", "is_fraud": true}}
2025-09-18 17:12:10,115 - INFO - {"timestamp": 1758195730.1155038, "event_type": "SUSPICIOUS_TRANSACTION", "user_id": "user_1758195703", "details": {"transaction": {"user_id": "user_1758195703", "amount": 900000.0, "timestamp": 1758195729.7943203, "device_id": "45f99e78948cb274", "language": "en"}, "risk_score": 1.0}}
2025-09-18 17:12:17,909 - INFO - {"timestamp": 1758195737.9094799, "event_type": "FRAUD_ANALYSIS", "user_id": "user_1758195703", "details": {"transaction": {"user_id": "user_1758195703", "amount": 56565.0, "timestamp": 1758195737.851056, "device_id": "45f99e78948cb274", "language": "en"}, "combined_score": 0.16000000000000003, "risk_level": "LOW", "is_fraud": false}}
2025-09-18 17:13:01,893 - INFO - {"timestamp": 1758195781.8936896, "event_type": "FRAUD_ANALYSIS", "user_id": "user_1758195703", "details": {"transaction": {"user_id": "user_1758195703", "amount": 5689.0, "timestamp": 1758195781.8266242, "device_id": "45f99e78948cb274", "language": "en"}, "combined_score": 0.16000000000000003, "risk_level": "LOW", "is_fraud": false}}
2025-09-18 17:13:43,514 - INFO - {"timestamp": 1758195823.5144544, "event_type": "FRAUD_ANALYSIS", "user_id": "user_1758195703", "details": {"transaction": {"user_id": "user_1758195703", "amount": 650000.0, "timestamp": 1758195823.432309, "device_id": "45f99e78948cb274", "language": "en"}, "combined_score": 0.46, "risk_level": "MEDIUM", "is_fraud": true}}
2025-09-18 17:13:43,515 - INFO - {"timestamp": 1758195823.515989, "event_type": "SUSPICIOUS_TRANSACTION", "user_id": "user_1758195703", "details": {"transaction": {"user_id": "user_1758195703", "amount": 650000.0, "timestamp": 1758195823.432309, "device_id": "45f99e78948cb274", "language": "en"}, "risk_score": 1.0}}
2025-09-18 17:16:23,974 - INFO - {"timestamp": 1758195983.974658, "event_type": "USER_SETUP", "user_id": "user_1758195983", "details": {"device_id": "45f99e78948cb274", "timestamp": 1758195983.974658}}
2025-09-18 17:16:39,999 - INFO - {"timestamp": 1758195999.9995134, "event_type": "FRAUD_ANALYSIS", "user_id": "user_1758195983", "details": {"transaction": {"user_id": "user_1758195983", "amount": 650000.0, "timestamp": 1758195999.6989567, "device_id": "45f99e78948cb274", "language": "en"}, "combined_score": 0.4700000000000001, "risk_level": "MEDIUM", "is_fraud": true}}
2025-09-18 17:16:40,010 - INFO - {"timestamp": 1758196000.0101683, "event_type": "SUSPICIOUS_TRANSACTION", "user_id": "user_1758195983", "details": {"transaction": {"user_id": "user_1758195983", "amount": 650000.0, "timestamp": 1758195999.6989567, "device_id": "45f99e78948cb274", "language": "en"}, "risk_score": 1.0}}
2025-09-18 17:16:58,533 - INFO - {"timestamp": 1758196018.5338132, "event_type": "FRAUD_ANALYSIS", "user_id": "user_1758195983", "details": {"transaction": {"user_id": "user_1758195983", "amount": 56565.0, "timestamp": 1758196018.475639, "device_id": "45f99e78948cb274", "language": "en"}, "combined_score": 0.16000000000000003, "risk_level": "LOW", "is_fraud": false}}
2025-09-18 17:17:11,818 - INFO - {"timestamp": 1758196031.8189154, "event_type": "FRAUD_ANALYSIS", "user_id": "user_1758195983", "details": {"transaction": {"user_id": "user_1758195983", "amount": 10.0, "timestamp": 1758196031.7590287, "device_id": "45f99e78948cb274", "language": "en"}, "combined_score": 0.16000000000000003, "risk_level": "LOW", "is_fraud": false}}
2025-09-18 17:26:12,617 - INFO - {"timestamp": 1758196572.6178377, "event_type": "USER_SETUP", "user_id": "user_1758196572", "details": {"device_id": "45f99e78948cb274", "timestamp": 1758196572.6178377}}
2025-09-18 17:26:23,897 - INFO - {"timestamp": 1758196583.8972125, "event_type": "FRAUD_ANALYSIS", "user_id": "user_1758196572", "details": {"transaction": {"user_id": "user_1758196572", "amount": 5689.0, "timestamp": 1758196583.6024778, "device_id": "45f99e78948cb274", "language": "hi"}, "combined_score": 0.15, "risk_level": "LOW", "is_fraud": false}}
2025-09-18 17:27:19,855 - INFO - {"timestamp": 1758196639.8551881, "event_type": "USER_SETUP", "user_id": "user_1758196639", "details": {"device_id": "45f99e78948cb274", "timestamp": 1758196639.8551881}}
2025-09-18 17:27:32,046 - INFO - {"timestamp": 1758196652.0469046, "event_type": "FRAUD_ANALYSIS", "user_id": "user_1758196639", "details": {"transaction": {"user_id": "user_1758196639", "amount": 10.0, "timestamp": 1758196651.9778342, "device_id": "45f99e78948cb274", "language": "en"}, "combined_score": 0.15, "risk_level": "LOW", "is_fraud": false}}
2025-09-18 17:35:32,633 - INFO - {"timestamp": 1758197132.6333754, "event_type": "USER_SETUP", "user_id": "user_1758197132", "details": {"device_id": "45f99e78948cb274", "timestamp": 1758197132.6333754}}
2025-09-18 17:37:12,783 - INFO - {"timestamp": 1758197232.7825468, "event_type": "USER_SETUP", "user_id": "user_1758197232", "details": {"device_id": "45f99e78948cb274", "timestamp": 1758197232.7825468}}
2025-09-18 17:37:40,690 - INFO - {"timestamp": 1758197260.6909616, "event_type": "FRAUD_ANALYSIS", "user_id": "user_1758197232", "details": {"transaction": {"user_id": "user_1758197232", "amount": 500.0, "recipient": "aa", "description": "", "timestamp": 1758197260.329134, "device_id": "45f99e78948cb274", "language": "en", "offline_mode": false}, "combined_score": 0.15, "risk_level": "LOW", "is_fraud": false}}
